mode: set
_/home/zohaib/Desktop/Go/projects/cloud_oblig2/database.go:47.39,49.16 2 1
_/home/zohaib/Desktop/Go/projects/cloud_oblig2/database.go:52.2,55.16 3 1
_/home/zohaib/Desktop/Go/projects/cloud_oblig2/database.go:59.2,59.14 1 1
_/home/zohaib/Desktop/Go/projects/cloud_oblig2/database.go:49.16,50.13 1 0
_/home/zohaib/Desktop/Go/projects/cloud_oblig2/database.go:55.16,58.3 2 0
_/home/zohaib/Desktop/Go/projects/cloud_oblig2/main.go:69.34,71.16 2 1
_/home/zohaib/Desktop/Go/projects/cloud_oblig2/main.go:74.2,74.23 1 1
_/home/zohaib/Desktop/Go/projects/cloud_oblig2/main.go:71.16,72.13 1 0
_/home/zohaib/Desktop/Go/projects/cloud_oblig2/main.go:83.60,85.16 2 1
_/home/zohaib/Desktop/Go/projects/cloud_oblig2/main.go:88.2,95.16 6 1
_/home/zohaib/Desktop/Go/projects/cloud_oblig2/main.go:99.2,99.16 1 1
_/home/zohaib/Desktop/Go/projects/cloud_oblig2/main.go:85.16,86.13 1 0
_/home/zohaib/Desktop/Go/projects/cloud_oblig2/main.go:95.16,98.3 2 0
_/home/zohaib/Desktop/Go/projects/cloud_oblig2/main.go:106.64,108.16 2 1
_/home/zohaib/Desktop/Go/projects/cloud_oblig2/main.go:111.2,117.16 5 1
_/home/zohaib/Desktop/Go/projects/cloud_oblig2/main.go:121.2,121.20 1 1
_/home/zohaib/Desktop/Go/projects/cloud_oblig2/main.go:108.16,109.13 1 0
_/home/zohaib/Desktop/Go/projects/cloud_oblig2/main.go:117.16,120.3 2 0
_/home/zohaib/Desktop/Go/projects/cloud_oblig2/main.go:127.53,129.16 2 1
_/home/zohaib/Desktop/Go/projects/cloud_oblig2/main.go:132.2,137.16 4 1
_/home/zohaib/Desktop/Go/projects/cloud_oblig2/main.go:141.2,141.13 1 1
_/home/zohaib/Desktop/Go/projects/cloud_oblig2/main.go:129.16,130.13 1 0
_/home/zohaib/Desktop/Go/projects/cloud_oblig2/main.go:137.16,140.3 2 0
_/home/zohaib/Desktop/Go/projects/cloud_oblig2/main.go:144.38,146.16 2 1
_/home/zohaib/Desktop/Go/projects/cloud_oblig2/main.go:149.2,152.30 3 1
_/home/zohaib/Desktop/Go/projects/cloud_oblig2/main.go:157.2,157.14 1 0
_/home/zohaib/Desktop/Go/projects/cloud_oblig2/main.go:146.16,148.3 1 0
_/home/zohaib/Desktop/Go/projects/cloud_oblig2/main.go:152.30,153.15 1 1
_/home/zohaib/Desktop/Go/projects/cloud_oblig2/main.go:153.15,155.4 1 1
_/home/zohaib/Desktop/Go/projects/cloud_oblig2/main.go:160.61,168.16 3 1
_/home/zohaib/Desktop/Go/projects/cloud_oblig2/main.go:171.2,175.16 4 1
_/home/zohaib/Desktop/Go/projects/cloud_oblig2/main.go:179.2,179.168 1 1
_/home/zohaib/Desktop/Go/projects/cloud_oblig2/main.go:168.16,170.3 1 0
_/home/zohaib/Desktop/Go/projects/cloud_oblig2/main.go:175.16,177.3 1 0
_/home/zohaib/Desktop/Go/projects/cloud_oblig2/main.go:179.168,182.18 3 1
_/home/zohaib/Desktop/Go/projects/cloud_oblig2/main.go:182.18,184.4 1 0
_/home/zohaib/Desktop/Go/projects/cloud_oblig2/main.go:184.4,188.11 3 1
_/home/zohaib/Desktop/Go/projects/cloud_oblig2/main.go:193.4,193.21 1 1
_/home/zohaib/Desktop/Go/projects/cloud_oblig2/main.go:188.11,190.5 1 0
_/home/zohaib/Desktop/Go/projects/cloud_oblig2/main.go:195.3,197.3 1 0
_/home/zohaib/Desktop/Go/projects/cloud_oblig2/main.go:200.64,209.18 3 1
_/home/zohaib/Desktop/Go/projects/cloud_oblig2/main.go:210.13,213.10 2 1
_/home/zohaib/Desktop/Go/projects/cloud_oblig2/main.go:216.3,217.17 2 1
_/home/zohaib/Desktop/Go/projects/cloud_oblig2/main.go:220.3,220.31 1 1
_/home/zohaib/Desktop/Go/projects/cloud_oblig2/main.go:222.16,225.10 2 1
_/home/zohaib/Desktop/Go/projects/cloud_oblig2/main.go:213.10,215.4 1 0
_/home/zohaib/Desktop/Go/projects/cloud_oblig2/main.go:217.17,219.4 1 0
_/home/zohaib/Desktop/Go/projects/cloud_oblig2/main.go:225.10,227.4 1 0
_/home/zohaib/Desktop/Go/projects/cloud_oblig2/main.go:237.22,249.16 5 0
_/home/zohaib/Desktop/Go/projects/cloud_oblig2/main.go:252.2,255.16 3 0
_/home/zohaib/Desktop/Go/projects/cloud_oblig2/main.go:259.2,260.16 2 0
_/home/zohaib/Desktop/Go/projects/cloud_oblig2/main.go:265.2,265.29 1 0
_/home/zohaib/Desktop/Go/projects/cloud_oblig2/main.go:249.16,250.13 1 0
_/home/zohaib/Desktop/Go/projects/cloud_oblig2/main.go:255.16,256.13 1 0
_/home/zohaib/Desktop/Go/projects/cloud_oblig2/main.go:260.16,261.13 1 0
_/home/zohaib/Desktop/Go/projects/cloud_oblig2/main.go:265.29,275.10 7 0
_/home/zohaib/Desktop/Go/projects/cloud_oblig2/main.go:280.3,280.35 1 0
_/home/zohaib/Desktop/Go/projects/cloud_oblig2/main.go:275.10,276.14 1 0
_/home/zohaib/Desktop/Go/projects/cloud_oblig2/main.go:280.35,282.34 1 0
_/home/zohaib/Desktop/Go/projects/cloud_oblig2/main.go:282.34,285.91 2 0
_/home/zohaib/Desktop/Go/projects/cloud_oblig2/main.go:285.91,287.58 1 0
_/home/zohaib/Desktop/Go/projects/cloud_oblig2/main.go:287.58,297.21 7 0
_/home/zohaib/Desktop/Go/projects/cloud_oblig2/main.go:300.7,304.21 3 0
_/home/zohaib/Desktop/Go/projects/cloud_oblig2/main.go:309.7,309.43 1 0
_/home/zohaib/Desktop/Go/projects/cloud_oblig2/main.go:297.21,298.18 1 0
_/home/zohaib/Desktop/Go/projects/cloud_oblig2/main.go:304.21,305.18 1 0
_/home/zohaib/Desktop/Go/projects/cloud_oblig2/main.go:310.7,313.21 2 0
_/home/zohaib/Desktop/Go/projects/cloud_oblig2/main.go:316.7,320.21 3 0
_/home/zohaib/Desktop/Go/projects/cloud_oblig2/main.go:324.7,324.43 1 0
_/home/zohaib/Desktop/Go/projects/cloud_oblig2/main.go:313.21,314.18 1 0
_/home/zohaib/Desktop/Go/projects/cloud_oblig2/main.go:320.21,321.18 1 0
_/home/zohaib/Desktop/Go/projects/cloud_oblig2/main.go:332.62,342.16 4 1
_/home/zohaib/Desktop/Go/projects/cloud_oblig2/main.go:345.2,348.16 3 1
_/home/zohaib/Desktop/Go/projects/cloud_oblig2/main.go:351.2,354.16 3 1
_/home/zohaib/Desktop/Go/projects/cloud_oblig2/main.go:358.2,358.29 1 1
_/home/zohaib/Desktop/Go/projects/cloud_oblig2/main.go:362.2,364.50 3 1
_/home/zohaib/Desktop/Go/projects/cloud_oblig2/main.go:342.16,343.13 1 0
_/home/zohaib/Desktop/Go/projects/cloud_oblig2/main.go:348.16,350.3 1 0
_/home/zohaib/Desktop/Go/projects/cloud_oblig2/main.go:354.16,356.3 1 0
_/home/zohaib/Desktop/Go/projects/cloud_oblig2/main.go:358.29,360.3 1 0
_/home/zohaib/Desktop/Go/projects/cloud_oblig2/main.go:364.50,368.3 1 0
_/home/zohaib/Desktop/Go/projects/cloud_oblig2/main.go:368.3,368.57 1 1
_/home/zohaib/Desktop/Go/projects/cloud_oblig2/main.go:368.57,374.18 3 0
_/home/zohaib/Desktop/Go/projects/cloud_oblig2/main.go:378.3,378.39 1 0
_/home/zohaib/Desktop/Go/projects/cloud_oblig2/main.go:374.18,376.4 1 0
_/home/zohaib/Desktop/Go/projects/cloud_oblig2/main.go:378.39,379.31 1 0
_/home/zohaib/Desktop/Go/projects/cloud_oblig2/main.go:379.31,381.5 1 0
_/home/zohaib/Desktop/Go/projects/cloud_oblig2/main.go:383.3,383.25 1 1
_/home/zohaib/Desktop/Go/projects/cloud_oblig2/main.go:383.25,385.39 1 1
_/home/zohaib/Desktop/Go/projects/cloud_oblig2/main.go:385.39,387.31 1 1
_/home/zohaib/Desktop/Go/projects/cloud_oblig2/main.go:387.31,391.5 1 1
_/home/zohaib/Desktop/Go/projects/cloud_oblig2/main.go:396.58,405.16 4 0
_/home/zohaib/Desktop/Go/projects/cloud_oblig2/main.go:408.2,416.16 3 0
_/home/zohaib/Desktop/Go/projects/cloud_oblig2/main.go:421.2,422.16 2 0
_/home/zohaib/Desktop/Go/projects/cloud_oblig2/main.go:425.2,429.16 4 0
_/home/zohaib/Desktop/Go/projects/cloud_oblig2/main.go:432.2,435.30 3 0
_/home/zohaib/Desktop/Go/projects/cloud_oblig2/main.go:449.2,449.30 1 0
_/home/zohaib/Desktop/Go/projects/cloud_oblig2/main.go:452.2,453.29 2 0
_/home/zohaib/Desktop/Go/projects/cloud_oblig2/main.go:405.16,406.13 1 0
_/home/zohaib/Desktop/Go/projects/cloud_oblig2/main.go:416.16,418.3 1 0
_/home/zohaib/Desktop/Go/projects/cloud_oblig2/main.go:422.16,424.3 1 0
_/home/zohaib/Desktop/Go/projects/cloud_oblig2/main.go:429.16,431.3 1 0
_/home/zohaib/Desktop/Go/projects/cloud_oblig2/main.go:435.30,437.35 1 0
_/home/zohaib/Desktop/Go/projects/cloud_oblig2/main.go:437.35,440.33 2 0
_/home/zohaib/Desktop/Go/projects/cloud_oblig2/main.go:440.33,441.30 1 0
_/home/zohaib/Desktop/Go/projects/cloud_oblig2/main.go:441.30,444.6 2 0
_/home/zohaib/Desktop/Go/projects/cloud_oblig2/main.go:449.30,451.3 1 0
_/home/zohaib/Desktop/Go/projects/cloud_oblig2/main.go:457.20,461.9 3 0
_/home/zohaib/Desktop/Go/projects/cloud_oblig2/main.go:464.2,464.14 1 0
_/home/zohaib/Desktop/Go/projects/cloud_oblig2/main.go:461.9,463.3 1 0
_/home/zohaib/Desktop/Go/projects/cloud_oblig2/main.go:470.42,483.16 3 0
_/home/zohaib/Desktop/Go/projects/cloud_oblig2/main.go:487.2,488.16 2 0
_/home/zohaib/Desktop/Go/projects/cloud_oblig2/main.go:492.2,492.16 1 0
_/home/zohaib/Desktop/Go/projects/cloud_oblig2/main.go:483.16,486.3 2 0
_/home/zohaib/Desktop/Go/projects/cloud_oblig2/main.go:488.16,491.3 2 0
_/home/zohaib/Desktop/Go/projects/cloud_oblig2/main.go:498.31,506.16 3 0
_/home/zohaib/Desktop/Go/projects/cloud_oblig2/main.go:509.2,512.16 4 0
_/home/zohaib/Desktop/Go/projects/cloud_oblig2/main.go:517.2,517.13 1 0
_/home/zohaib/Desktop/Go/projects/cloud_oblig2/main.go:506.16,507.13 1 0
_/home/zohaib/Desktop/Go/projects/cloud_oblig2/main.go:512.16,515.3 2 0
_/home/zohaib/Desktop/Go/projects/cloud_oblig2/main.go:523.52,532.16 3 0
_/home/zohaib/Desktop/Go/projects/cloud_oblig2/main.go:535.2,537.58 3 0
_/home/zohaib/Desktop/Go/projects/cloud_oblig2/main.go:532.16,533.13 1 0
_/home/zohaib/Desktop/Go/projects/cloud_oblig2/main.go:537.58,542.17 3 0
_/home/zohaib/Desktop/Go/projects/cloud_oblig2/main.go:546.3,548.17 3 0
_/home/zohaib/Desktop/Go/projects/cloud_oblig2/main.go:552.3,553.17 2 0
_/home/zohaib/Desktop/Go/projects/cloud_oblig2/main.go:557.3,559.10 3 0
_/home/zohaib/Desktop/Go/projects/cloud_oblig2/main.go:542.17,543.14 1 0
_/home/zohaib/Desktop/Go/projects/cloud_oblig2/main.go:548.17,549.14 1 0
_/home/zohaib/Desktop/Go/projects/cloud_oblig2/main.go:553.17,554.14 1 0
_/home/zohaib/Desktop/Go/projects/cloud_oblig2/main.go:559.10,561.4 1 0
_/home/zohaib/Desktop/Go/projects/cloud_oblig2/main.go:565.28,574.16 3 0
_/home/zohaib/Desktop/Go/projects/cloud_oblig2/main.go:577.2,579.16 3 0
_/home/zohaib/Desktop/Go/projects/cloud_oblig2/main.go:574.16,575.13 1 0
_/home/zohaib/Desktop/Go/projects/cloud_oblig2/main.go:579.16,580.13 1 0
_/home/zohaib/Desktop/Go/projects/cloud_oblig2/main.go:584.13,588.12 3 0
_/home/zohaib/Desktop/Go/projects/cloud_oblig2/main.go:596.2,601.15 6 0
_/home/zohaib/Desktop/Go/projects/cloud_oblig2/main.go:588.12,589.27 1 0
_/home/zohaib/Desktop/Go/projects/cloud_oblig2/main.go:589.27,594.4 2 0
